0 verbose cli C:\Program Files\nodejs\node.exe C:\Program Files\nodejs\node_modules\npm\bin\npm-cli.js
1 info using npm@10.9.4
2 info using node@v22.22.1
3 silly config load:file:C:\Program Files\nodejs\node_modules\npm\npmrc
4 silly config load:file:C:\Users\30889\Desktop\财务管理\.npmrc
5 silly config load:file:C:\Users\30889\.npmrc
6 silly config load:file:C:\Users\30889\AppData\Roaming\npm\etc\npmrc
7 verbose title npm install
8 verbose argv "install" "--cache" "./.npm-cache"
9 verbose logfile logs-max:10 dir:C:\Users\30889\Desktop\财务管理\.npm-cache\_logs\2026-03-15T08_50_57_202Z-
10 verbose logfile C:\Users\30889\Desktop\财务管理\.npm-cache\_logs\2026-03-15T08_50_57_202Z-debug-0.log
11 silly logfile done cleaning log files
12 silly packumentCache heap:4345298944 maxSize:1086324736 maxEntrySize:543162368
13 silly idealTree buildDeps
14 silly fetch manifest concurrently@^9.2.0
15 silly packumentCache full:https://registry.npmjs.org/concurrently cache-miss
16 http fetch GET 200 https://registry.npmjs.org/concurrently 1884ms (cache miss)
17 silly packumentCache full:https://registry.npmjs.org/concurrently set size:undefined disposed:false
18 silly placeDep ROOT concurrently@9.2.1 OK for: finance-system-monorepo@1.0.0 want: ^9.2.0
19 silly placeDep ROOT finance-api@1.0.0 OK for: finance-system-monorepo@1.0.0 want: file:C:\Users\30889\Desktop\财务管理\apps\api
20 silly placeDep ROOT finance-web@1.0.0 OK for: finance-system-monorepo@1.0.0 want: file:C:\Users\30889\Desktop\财务管理\apps\web
21 silly fetch manifest rxjs@7.8.2
22 silly packumentCache full:https://registry.npmjs.org/rxjs cache-miss
23 silly fetch manifest chalk@4.1.2
24 silly packumentCache full:https://registry.npmjs.org/chalk cache-miss
25 silly fetch manifest yargs@17.7.2
26 silly packumentCache full:https://registry.npmjs.org/yargs cache-miss
27 silly fetch manifest tree-kill@1.2.2
28 silly packumentCache full:https://registry.npmjs.org/tree-kill cache-miss
29 silly fetch manifest shell-quote@1.8.3
30 silly packumentCache full:https://registry.npmjs.org/shell-quote cache-miss
31 silly fetch manifest supports-color@8.1.1
32 silly packumentCache full:https://registry.npmjs.org/supports-color cache-miss
33 http fetch GET 200 https://registry.npmjs.org/rxjs 1290ms (cache miss)
34 silly packumentCache full:https://registry.npmjs.org/rxjs set size:undefined disposed:false
35 http fetch GET 200 https://registry.npmjs.org/npm 5019ms
36 http fetch GET 200 https://registry.npmjs.org/yargs 3189ms (cache miss)
37 silly packumentCache full:https://registry.npmjs.org/yargs set size:undefined disposed:false
38 http fetch GET 200 https://registry.npmjs.org/shell-quote 3222ms (cache miss)
39 silly packumentCache full:https://registry.npmjs.org/shell-quote set size:undefined disposed:false
40 http fetch GET 200 https://registry.npmjs.org/supports-color 3470ms (cache miss)
41 silly packumentCache full:https://registry.npmjs.org/supports-color set size:undefined disposed:false
42 http fetch GET 200 https://registry.npmjs.org/tree-kill 4503ms (cache miss)
43 silly packumentCache full:https://registry.npmjs.org/tree-kill set size:undefined disposed:false
44 http fetch GET 200 https://registry.npmjs.org/chalk 23358ms (cache miss)
45 silly packumentCache full:https://registry.npmjs.org/chalk set size:undefined disposed:false
46 silly placeDep ROOT chalk@4.1.2 OK for: concurrently@9.2.1 want: 4.1.2
47 silly placeDep ROOT rxjs@7.8.2 OK for: concurrently@9.2.1 want: 7.8.2
48 silly placeDep ROOT shell-quote@1.8.3 OK for: concurrently@9.2.1 want: 1.8.3
49 silly placeDep ROOT supports-color@8.1.1 OK for: concurrently@9.2.1 want: 8.1.1
50 silly placeDep ROOT tree-kill@1.2.2 OK for: concurrently@9.2.1 want: 1.2.2
51 silly placeDep ROOT yargs@17.7.2 OK for: concurrently@9.2.1 want: 17.7.2
52 silly fetch manifest ansi-styles@^4.1.0
53 silly packumentCache full:https://registry.npmjs.org/ansi-styles cache-miss
54 silly fetch manifest supports-color@^7.1.0
55 silly packumentCache full:https://registry.npmjs.org/supports-color cache-miss
56 silly fetch manifest tslib@^2.1.0
57 silly packumentCache full:https://registry.npmjs.org/tslib cache-miss
58 silly fetch manifest has-flag@^4.0.0
59 silly packumentCache full:https://registry.npmjs.org/has-flag cache-miss
60 silly fetch manifest y18n@^5.0.5
61 silly packumentCache full:https://registry.npmjs.org/y18n cache-miss
62 silly fetch manifest cliui@^8.0.1
63 silly packumentCache full:https://registry.npmjs.org/cliui cache-miss
64 silly fetch manifest escalade@^3.1.1
65 silly packumentCache full:https://registry.npmjs.org/escalade cache-miss
66 silly fetch manifest string-width@^4.2.3
67 silly packumentCache full:https://registry.npmjs.org/string-width cache-miss
68 silly fetch manifest yargs-parser@^21.1.1
69 silly packumentCache full:https://registry.npmjs.org/yargs-parser cache-miss
70 silly fetch manifest get-caller-file@^2.0.5
71 silly packumentCache full:https://registry.npmjs.org/get-caller-file cache-miss
72 silly fetch manifest require-directory@^2.1.1
73 silly packumentCache full:https://registry.npmjs.org/require-directory cache-miss
74 http cache https://registry.npmjs.org/supports-color 17ms (cache hit)
75 silly packumentCache full:https://registry.npmjs.org/supports-color set size:118680 disposed:false
76 http fetch GET 200 https://registry.npmjs.org/has-flag 292ms (cache miss)
77 silly packumentCache full:https://registry.npmjs.org/has-flag set size:undefined disposed:false
78 http fetch GET 200 https://registry.npmjs.org/ansi-styles 343ms (cache miss)
79 silly packumentCache full:https://registry.npmjs.org/ansi-styles set size:undefined disposed:false
80 http fetch GET 200 https://registry.npmjs.org/cliui 493ms (cache miss)
81 silly packumentCache full:https://registry.npmjs.org/cliui set size:undefined disposed:false
82 http fetch GET 200 https://registry.npmjs.org/y18n 511ms (cache miss)
83 silly packumentCache full:https://registry.npmjs.org/y18n set size:undefined disposed:false
84 http fetch GET 200 https://registry.npmjs.org/string-width 522ms (cache miss)
85 silly packumentCache full:https://registry.npmjs.org/string-width set size:undefined disposed:false
86 http fetch GET 200 https://registry.npmjs.org/escalade 729ms (cache miss)
87 silly packumentCache full:https://registry.npmjs.org/escalade set size:undefined disposed:false
88 http fetch GET 200 https://registry.npmjs.org/tslib 772ms (cache miss)
89 silly packumentCache full:https://registry.npmjs.org/tslib set size:undefined disposed:false
90 http fetch GET 200 https://registry.npmjs.org/require-directory 1549ms (cache miss)
91 silly packumentCache full:https://registry.npmjs.org/require-directory set size:undefined disposed:false
92 http fetch GET 200 https://registry.npmjs.org/yargs-parser 3235ms (cache miss)
93 silly packumentCache full:https://registry.npmjs.org/yargs-parser set size:undefined disposed:false
94 http fetch GET 200 https://registry.npmjs.org/get-caller-file 3404ms (cache miss)
95 silly packumentCache full:https://registry.npmjs.org/get-caller-file set size:undefined disposed:false
96 silly placeDep ROOT ansi-styles@4.3.0 OK for: chalk@4.1.2 want: ^4.1.0
97 silly placeDep node_modules/chalk supports-color@7.2.0 OK for: chalk@4.1.2 want: ^7.1.0
98 silly fetch manifest color-convert@^2.0.1
99 silly packumentCache full:https://registry.npmjs.org/color-convert cache-miss
100 http fetch GET 200 https://registry.npmjs.org/color-convert 551ms (cache miss)
101 silly packumentCache full:https://registry.npmjs.org/color-convert set size:undefined disposed:false
102 silly placeDep ROOT color-convert@2.0.1 OK for: ansi-styles@4.3.0 want: ^2.0.1
103 silly fetch manifest color-name@~1.1.4
104 silly packumentCache full:https://registry.npmjs.org/color-name cache-miss
105 http fetch GET 200 https://registry.npmjs.org/color-name 1300ms (cache miss)
106 silly packumentCache full:https://registry.npmjs.org/color-name set size:undefined disposed:false
107 silly placeDep ROOT color-name@1.1.4 OK for: color-convert@2.0.1 want: ~1.1.4
108 silly placeDep ROOT tslib@2.8.1 OK for: rxjs@7.8.2 want: ^2.1.0
109 silly placeDep ROOT has-flag@4.0.0 OK for: supports-color@8.1.1 want: ^4.0.0
110 silly placeDep ROOT cliui@8.0.1 OK for: yargs@17.7.2 want: ^8.0.1
111 silly placeDep ROOT escalade@3.2.0 OK for: yargs@17.7.2 want: ^3.1.1
112 silly placeDep ROOT get-caller-file@2.0.5 OK for: yargs@17.7.2 want: ^2.0.5
113 silly placeDep ROOT require-directory@2.1.1 OK for: yargs@17.7.2 want: ^2.1.1
114 silly placeDep ROOT string-width@4.2.3 OK for: yargs@17.7.2 want: ^4.2.3
115 silly placeDep ROOT y18n@5.0.8 OK for: yargs@17.7.2 want: ^5.0.5
116 silly placeDep ROOT yargs-parser@21.1.1 OK for: yargs@17.7.2 want: ^21.1.1
117 silly fetch manifest wrap-ansi@^7.0.0
118 silly packumentCache full:https://registry.npmjs.org/wrap-ansi cache-miss
119 silly fetch manifest strip-ansi@^6.0.1
120 silly packumentCache full:https://registry.npmjs.org/strip-ansi cache-miss
121 silly fetch manifest string-width@^4.2.0
122 silly packumentCache full:https://registry.npmjs.org/string-width cache-miss
123 silly fetch manifest strip-ansi@^6.0.1
124 silly packumentCache full:https://registry.npmjs.org/strip-ansi cache-miss
125 silly fetch manifest emoji-regex@^8.0.0
126 silly packumentCache full:https://registry.npmjs.org/emoji-regex cache-miss
127 silly fetch manifest is-fullwidth-code-point@^3.0.0
128 silly packumentCache full:https://registry.npmjs.org/is-fullwidth-code-point cache-miss
129 http cache https://registry.npmjs.org/string-width 6ms (cache hit)
130 silly packumentCache full:https://registry.npmjs.org/string-width set size:68305 disposed:false
131 http fetch GET 200 https://registry.npmjs.org/strip-ansi 278ms (cache miss)
132 silly packumentCache full:https://registry.npmjs.org/strip-ansi set size:undefined disposed:false
133 http fetch GET 200 https://registry.npmjs.org/strip-ansi 503ms (cache miss)
134 silly packumentCache full:https://registry.npmjs.org/strip-ansi set size:undefined disposed:false
135 http fetch GET 200 https://registry.npmjs.org/is-fullwidth-code-point 503ms (cache miss)
136 silly packumentCache full:https://registry.npmjs.org/is-fullwidth-code-point set size:undefined disposed:false
137 http fetch GET 200 https://registry.npmjs.org/wrap-ansi 723ms (cache miss)
138 silly packumentCache full:https://registry.npmjs.org/wrap-ansi set size:undefined disposed:false
139 http fetch GET 200 https://registry.npmjs.org/emoji-regex 771ms (cache miss)
140 silly packumentCache full:https://registry.npmjs.org/emoji-regex set size:undefined disposed:false
141 silly placeDep ROOT strip-ansi@6.0.1 OK for: cliui@8.0.1 want: ^6.0.1
142 silly placeDep ROOT wrap-ansi@7.0.0 OK for: cliui@8.0.1 want: ^7.0.0
143 silly fetch manifest ansi-regex@^5.0.1
144 silly packumentCache full:https://registry.npmjs.org/ansi-regex cache-miss
145 http fetch GET 200 https://registry.npmjs.org/ansi-regex 1330ms (cache miss)
146 silly packumentCache full:https://registry.npmjs.org/ansi-regex set size:undefined disposed:false
147 silly placeDep ROOT emoji-regex@8.0.0 OK for: string-width@4.2.3 want: ^8.0.0
148 silly placeDep ROOT is-fullwidth-code-point@3.0.0 OK for: string-width@4.2.3 want: ^3.0.0
149 silly placeDep ROOT ansi-regex@5.0.1 OK for: strip-ansi@6.0.1 want: ^5.0.1
150 silly fetch manifest @fastify/cors@^10.0.1
151 silly packumentCache full:https://registry.npmjs.org/@fastify%2fcors cache-miss
152 http fetch GET 200 https://registry.npmjs.org/@fastify%2fcors 655ms (cache miss)
153 silly packumentCache full:https://registry.npmjs.org/@fastify%2fcors set size:undefined disposed:false
154 silly fetch manifest @fastify/jwt@^9.1.0
155 silly packumentCache full:https://registry.npmjs.org/@fastify%2fjwt cache-miss
156 http fetch GET 200 https://registry.npmjs.org/@fastify%2fjwt 790ms (cache miss)
157 silly packumentCache full:https://registry.npmjs.org/@fastify%2fjwt set size:undefined disposed:false
158 silly fetch manifest @prisma/client@^5.22.0
159 silly packumentCache full:https://registry.npmjs.org/@prisma%2fclient cache-miss
160 http fetch GET 200 https://registry.npmjs.org/@prisma%2fclient 64015ms (cache miss)
161 silly packumentCache full:https://registry.npmjs.org/@prisma%2fclient set size:undefined disposed:false
162 silly fetch manifest prisma@^5.22.0
163 silly packumentCache full:https://registry.npmjs.org/prisma cache-miss
